<?xml version="1.0" encoding="UTF-8"?>
<testng-results ignored="0" total="2" passed="2" failed="0" skipped="0">
  <reporter-output>
    <line>
      <![CDATA[Entered URL success-Fully https://web-int.stg.voyaah.com/#/]]>
    </line>
    <line>
      <![CDATA[Error in title extraction :Vooyah]]>
    </line>
  </reporter-output>
  <suite started-at="2023-01-31T10:58:08 IST" name="Default suite" finished-at="2023-01-31T10:58:49 IST" duration-ms="40965">
    <groups>
    </groups>
    <test started-at="2023-01-31T10:58:08 IST" name="Default test" finished-at="2023-01-31T10:58:49 IST" duration-ms="40965">
      <class name="Loginpage.HeadlessTest">
        <test-method is-config="true" signature="browserInvoke()[pri:0, instance:Loginpage.HeadlessTest@1ddf84b8]" started-at="2023-01-31T10:58:08 IST" name="browserInvoke" finished-at="2023-01-31T10:58:09 IST" duration-ms="1198" status="PASS">
          <reporter-output>
          </reporter-output>
        </test-method> <!-- browserInvoke -->
        <test-method signature="Home()[pri:0, instance:Loginpage.HeadlessTest@1ddf84b8]" started-at="2023-01-31T10:58:09 IST" name="Home" finished-at="2023-01-31T10:58:47 IST" duration-ms="38465" status="PASS">
          <reporter-output>
            <line>
              <![CDATA[Entered URL success-Fully https://web-int.stg.voyaah.com/#/]]>
            </line>
            <line>
              <![CDATA[Error in title extraction :Vooyah]]>
            </line>
          </reporter-output>
        </test-method> <!-- Home -->
        <test-method signature="Staycations()[pri:1, instance:Loginpage.HeadlessTest@1ddf84b8]" started-at="2023-01-31T10:58:47 IST" name="Staycations" finished-at="2023-01-31T10:58:49 IST" duration-ms="1271" status="PASS">
          <reporter-output>
          </reporter-output>
        </test-method> <!-- Staycations -->
      </class> <!-- Loginpage.HeadlessTest -->
    </test> <!-- Default test -->
  </suite> <!-- Default suite -->
</testng-results>
